This file contains any messages produced by compilers while
running configure, to aid debugging if configure makes a mistake.

It was created by configure, which was
generated by GNU Autoconf 2.63.  Invocation command line was

  $ ./configure --disable-jack

## --------- ##
## Platform. ##
## --------- ##

hostname = Digitalina
uname -m = i686
uname -r = 2.6.30-std-def-alt15
uname -s = Linux
uname -v = #1 SMP Mon Dec 14 08:45:48 UTC 2009

/usr/bin/uname -p = unknown
/bin/uname -X     = unknown

/bin/arch              = unknown
/usr/bin/arch -k       = unknown
/usr/convex/getsysinfo = unknown
/usr/bin/hostinfo      = unknown
/bin/machine           = unknown
/usr/bin/oslevel       = unknown
/bin/universe          = unknown

PATH: /home/mutabor/bin
PATH: /bin
PATH: /usr/bin
PATH: /usr/local/bin
PATH: /usr/X11R6/bin
PATH: /usr/games
PATH: ~/bin
PATH: .
PATH: ~/scripts


## ----------- ##
## Core tests. ##
## ----------- ##

configure:2016: checking for a BSD-compatible install
configure:2084: result: /bin/install -c
configure:2095: checking whether build environment is sane
configure:2138: result: yes
configure:2192: checking for gawk
configure:2208: found /bin/gawk
configure:2219: result: gawk
configure:2230: checking whether make sets $(MAKE)
configure:2252: result: yes
configure:2480: checking for gcc
configure:2496: found /usr/bin/gcc
configure:2507: result: gcc
configure:2739: checking for C compiler version
configure:2747: gcc --version >&5
i586-alt-linux-gcc (GCC) 4.3.2 20081105 (ALT Linux 4.3.2-alt13)
Copyright (C) 2008 Free Software Foundation, Inc.
This is free software; see the source for copying conditions.  There is NO
warranty; not even for MERCHANTABILITY or FITNESS FOR A PARTICULAR PURPOSE.

configure:2751: $? = 0
configure:2758: gcc -v >&5
Using built-in specs.
Target: i586-alt-linux
Configured with: ../configure --host=i586-alt-linux --build=i586-alt-linux --target=i586-alt-linux --prefix=/usr --exec-prefix=/usr --bindir=/usr/bin --sbindir=/usr/sbin --sysconfdir=/etc --datadir=/usr/share --includedir=/usr/include --libdir=/usr/lib --libexecdir=/usr/libexec --localstatedir=/var/lib --sharedstatedir=/usr/com --mandir=/usr/share/man --infodir=/usr/share/info --disable-dependency-tracking --without-included-gettext --program-suffix=-4.3 --with-slibdir=/lib --with-bugurl=http://bugzilla.altlinux.org --enable-bootstrap --enable-shared --enable-__cxa_atexit --enable-threads=posix --enable-checking=release --with-system-zlib --without-included-gettext --enable-multilib --enable-languages=c,c++,fortran,objc,obj-c++,treelang,java --enable-java-awt=gtk --disable-plugin --with-native-libdir=/usr/lib/gcj-4.3 --with-ecj-jar=/usr/share/java/ecj.jar --with-java-home=/usr/lib/jvm/java-1.5.0-gcj-4.3-1.5.0.0/jre --enable-libgcj-multifile --disable-libjava-multilib --enable-java-maintainer-mode --with-cpu=i586 --with-arch=i586 --with-tune=pentium4
Thread model: posix
gcc version 4.3.2 20081105 (ALT Linux 4.3.2-alt13) (GCC) 
configure:2762: $? = 0
configure:2769: gcc -V >&5
i586-alt-linux-gcc: '-V' option must have argument
configure:2773: $? = 1
configure:2796: checking for C compiler default output file name
configure:2818: gcc -O6 -ffast-math -fomit-frame-pointer -fforce-addr -march=k6 -mtune=k6   conftest.c  >&5
configure:2822: $? = 0
configure:2860: result: a.out
configure:2879: checking whether the C compiler works
configure:2889: ./a.out
configure:2893: $? = 0
configure:2912: result: yes
configure:2919: checking whether we are cross compiling
configure:2921: result: no
configure:2924: checking for suffix of executables
configure:2931: gcc -o conftest -O6 -ffast-math -fomit-frame-pointer -fforce-addr -march=k6 -mtune=k6   conftest.c  >&5
configure:2935: $? = 0
configure:2961: result: 
configure:2967: checking for suffix of object files
configure:2993: gcc -c -O6 -ffast-math -fomit-frame-pointer -fforce-addr -march=k6 -mtune=k6  conftest.c >&5
configure:2997: $? = 0
configure:3022: result: o
configure:3026: checking whether we are using the GNU C compiler
configure:3055: gcc -c -O6 -ffast-math -fomit-frame-pointer -fforce-addr -march=k6 -mtune=k6  conftest.c >&5
configure:3062: $? = 0
configure:3079: result: yes
configure:3088: checking whether gcc accepts -g
configure:3118: gcc -c -g  conftest.c >&5
configure:3125: $? = 0
configure:3226: result: yes
configure:3243: checking for gcc option to accept ISO C89
configure:3317: gcc  -c -O6 -ffast-math -fomit-frame-pointer -fforce-addr -march=k6 -mtune=k6  conftest.c >&5
configure:3324: $? = 0
configure:3347: result: none needed
configure:3376: checking for style of include used by make
configure:3404: result: GNU
configure:3432: checking dependency style of gcc
configure:3522: result: gcc3
configure:3541: checking for sed
configure:3559: found /bin/sed
configure:3571: result: /bin/sed
configure:3628: checking how to run the C preprocessor
configure:3668: gcc -E  conftest.c
configure:3675: $? = 0
configure:3706: gcc -E  conftest.c
conftest.c:10:28: error: ac_nonexistent.h: No such file or directory
configure:3713: $? = 1
configure: failed program was:
| /* confdefs.h.  */
| #define PACKAGE_NAME ""
| #define PACKAGE_TARNAME ""
| #define PACKAGE_VERSION ""
| #define PACKAGE_STRING ""
| #define PACKAGE_BUGREPORT ""
| #define PACKAGE "soundtracker"
| #define VERSION "0.6.8"
| /* end confdefs.h.  */
| #include <ac_nonexistent.h>
configure:3746: result: gcc -E
configure:3775: gcc -E  conftest.c
configure:3782: $? = 0
configure:3813: gcc -E  conftest.c
conftest.c:10:28: error: ac_nonexistent.h: No such file or directory
configure:3820: $? = 1
configure: failed program was:
| /* confdefs.h.  */
| #define PACKAGE_NAME ""
| #define PACKAGE_TARNAME ""
| #define PACKAGE_VERSION ""
| #define PACKAGE_STRING ""
| #define PACKAGE_BUGREPORT ""
| #define PACKAGE "soundtracker"
| #define VERSION "0.6.8"
| /* end confdefs.h.  */
| #include <ac_nonexistent.h>
configure:3860: checking for grep that handles long lines and -e
configure:3920: result: /bin/grep
configure:3925: checking for egrep
configure:3989: result: /bin/grep -E
configure:3994: checking for ANSI C header files
configure:4024: gcc -c -O6 -ffast-math -fomit-frame-pointer -fforce-addr -march=k6 -mtune=k6 -Wall  conftest.c >&5
configure:4031: $? = 0
configure:4130: gcc -o conftest -O6 -ffast-math -fomit-frame-pointer -fforce-addr -march=k6 -mtune=k6 -Wall   conftest.c  >&5
configure:4134: $? = 0
configure:4140: ./conftest
configure:4144: $? = 0
configure:4162: result: yes
configure:4186: checking for sys/types.h
configure:4207: gcc -c -O6 -ffast-math -fomit-frame-pointer -fforce-addr -march=k6 -mtune=k6 -Wall  conftest.c >&5
configure:4214: $? = 0
configure:4231: result: yes
configure:4186: checking for sys/stat.h
configure:4207: gcc -c -O6 -ffast-math -fomit-frame-pointer -fforce-addr -march=k6 -mtune=k6 -Wall  conftest.c >&5
configure:4214: $? = 0
configure:4231: result: yes
configure:4186: checking for stdlib.h
configure:4207: gcc -c -O6 -ffast-math -fomit-frame-pointer -fforce-addr -march=k6 -mtune=k6 -Wall  conftest.c >&5
configure:4214: $? = 0
configure:4231: result: yes
configure:4186: checking for string.h
configure:4207: gcc -c -O6 -ffast-math -fomit-frame-pointer -fforce-addr -march=k6 -mtune=k6 -Wall  conftest.c >&5
configure:4214: $? = 0
configure:4231: result: yes
configure:4186: checking for memory.h
configure:4207: gcc -c -O6 -ffast-math -fomit-frame-pointer -fforce-addr -march=k6 -mtune=k6 -Wall  conftest.c >&5
configure:4214: $? = 0
configure:4231: result: yes
configure:4186: checking for strings.h
configure:4207: gcc -c -O6 -ffast-math -fomit-frame-pointer -fforce-addr -march=k6 -mtune=k6 -Wall  conftest.c >&5
configure:4214: $? = 0
configure:4231: result: yes
configure:4186: checking for inttypes.h
configure:4207: gcc -c -O6 -ffast-math -fomit-frame-pointer -fforce-addr -march=k6 -mtune=k6 -Wall  conftest.c >&5
configure:4214: $? = 0
configure:4231: result: yes
configure:4186: checking for stdint.h
configure:4207: gcc -c -O6 -ffast-math -fomit-frame-pointer -fforce-addr -march=k6 -mtune=k6 -Wall  conftest.c >&5
configure:4214: $? = 0
configure:4231: result: yes
configure:4186: checking for unistd.h
configure:4207: gcc -c -O6 -ffast-math -fomit-frame-pointer -fforce-addr -march=k6 -mtune=k6 -Wall  conftest.c >&5
configure:4214: $? = 0
configure:4231: result: yes
configure:4255: checking sys/poll.h usability
configure:4272: gcc -c -O6 -ffast-math -fomit-frame-pointer -fforce-addr -march=k6 -mtune=k6 -Wall  conftest.c >&5
configure:4279: $? = 0
configure:4293: result: yes
configure:4297: checking sys/poll.h presence
configure:4312: gcc -E  conftest.c
configure:4319: $? = 0
configure:4333: result: yes
configure:4361: checking for sys/poll.h
configure:4368: result: yes
configure:4377: checking for poll
configure:4436: gcc -o conftest -O6 -ffast-math -fomit-frame-pointer -fforce-addr -march=k6 -mtune=k6 -Wall   conftest.c  >&5
configure:4443: $? = 0
configure:4521: result: yes
configure:4696: checking whether NLS is requested
configure:4705: result: yes
configure:4746: checking for msgfmt
configure: trying /usr/bin/msgfmt...
0 translated messages.
configure:4778: result: /usr/bin/msgfmt
configure:4787: checking for gmsgfmt
configure:4818: result: /usr/bin/msgfmt
configure:4869: checking for xgettext
configure: trying /usr/bin/xgettext...
/usr/bin/xgettext: warning: file `/dev/null' extension `' is unknown; will try C
configure:4901: result: /usr/bin/xgettext
configure:4947: checking for msgmerge
configure: trying /usr/bin/msgmerge...
configure:4978: result: /usr/bin/msgmerge
configure:5017: checking build system type
configure:5035: result: i686-pc-linux-gnu
configure:5057: checking host system type
configure:5072: result: i686-pc-linux-gnu
configure:5118: checking for ld used by GCC
configure:5182: result: /usr/bin/ld
configure:5191: checking if the linker (/usr/bin/ld) is GNU ld
configure:5204: result: yes
configure:5211: checking for shared library run path origin
configure:5224: result: done
configure:5725: checking for CFPreferencesCopyAppValue
configure:5753: gcc -o conftest -O6 -ffast-math -fomit-frame-pointer -fforce-addr -march=k6 -mtune=k6 -Wall   conftest.c  -Wl,-framework -Wl,CoreFoundation >&5
conftest.c:21:42: error: CoreFoundation/CFPreferences.h: No such file or directory
conftest.c: In function 'main':
conftest.c:25: warning: implicit declaration of function 'CFPreferencesCopyAppValue'
conftest.c:25: error: 'NULL' undeclared (first use in this function)
conftest.c:25: error: (Each undeclared identifier is reported only once
conftest.c:25: error: for each function it appears in.)
configure:5760: $? = 1
configure: failed program was:
| /* confdefs.h.  */
| #define PACKAGE_NAME ""
| #define PACKAGE_TARNAME ""
| #define PACKAGE_VERSION ""
| #define PACKAGE_STRING ""
| #define PACKAGE_BUGREPORT ""
| #define PACKAGE "soundtracker"
| #define VERSION "0.6.8"
| #define STDC_HEADERS 1
| #define HAVE_SYS_TYPES_H 1
| #define HAVE_SYS_STAT_H 1
| #define HAVE_STDLIB_H 1
| #define HAVE_STRING_H 1
| #define HAVE_MEMORY_H 1
| #define HAVE_STRINGS_H 1
| #define HAVE_INTTYPES_H 1
| #define HAVE_STDINT_H 1
| #define HAVE_UNISTD_H 1
| #define HAVE_POLL 1
| /* end confdefs.h.  */
| #include <CoreFoundation/CFPreferences.h>
| int
| main ()
| {
| CFPreferencesCopyAppValue(NULL, NULL)
|   ;
|   return 0;
| }
configure:5781: result: no
configure:5790: checking for CFLocaleCopyCurrent
configure:5818: gcc -o conftest -O6 -ffast-math -fomit-frame-pointer -fforce-addr -march=k6 -mtune=k6 -Wall   conftest.c  -Wl,-framework -Wl,CoreFoundation >&5
conftest.c:21:37: error: CoreFoundation/CFLocale.h: No such file or directory
conftest.c: In function 'main':
conftest.c:25: warning: implicit declaration of function 'CFLocaleCopyCurrent'
configure:5825: $? = 1
configure: failed program was:
| /* confdefs.h.  */
| #define PACKAGE_NAME ""
| #define PACKAGE_TARNAME ""
| #define PACKAGE_VERSION ""
| #define PACKAGE_STRING ""
| #define PACKAGE_BUGREPORT ""
| #define PACKAGE "soundtracker"
| #define VERSION "0.6.8"
| #define STDC_HEADERS 1
| #define HAVE_SYS_TYPES_H 1
| #define HAVE_SYS_STAT_H 1
| #define HAVE_STDLIB_H 1
| #define HAVE_STRING_H 1
| #define HAVE_MEMORY_H 1
| #define HAVE_STRINGS_H 1
| #define HAVE_INTTYPES_H 1
| #define HAVE_STDINT_H 1
| #define HAVE_UNISTD_H 1
| #define HAVE_POLL 1
| /* end confdefs.h.  */
| #include <CoreFoundation/CFLocale.h>
| int
| main ()
| {
| CFLocaleCopyCurrent();
|   ;
|   return 0;
| }
configure:5846: result: no
configure:5897: checking for GNU gettext in libc
configure:5927: gcc -o conftest -O6 -ffast-math -fomit-frame-pointer -fforce-addr -march=k6 -mtune=k6 -Wall   conftest.c  >&5
configure:5934: $? = 0
configure:5956: result: yes
configure:6860: checking whether to use NLS
configure:6862: result: yes
configure:6865: checking where the gettext function comes from
configure:6876: result: libc
configure:6989: checking for pkg-config
configure:7007: found /usr/bin/pkg-config
configure:7019: result: /usr/bin/pkg-config
configure:7044: checking pkg-config is at least version 0.9.0
configure:7047: result: yes
configure:7058: checking for GTK
configure:7065: $PKG_CONFIG --exists --print-errors "$SND_MODULES"
configure:7068: $? = 0
configure:7081: $PKG_CONFIG --exists --print-errors "$SND_MODULES"
configure:7084: $? = 0
configure:7161: result: yes
configure:7178: checking for Gnome compile flags
configure:7183: checking for GNOME
configure:7190: $PKG_CONFIG --exists --print-errors "$SND_MODULES"
configure:7193: $? = 0
configure:7206: $PKG_CONFIG --exists --print-errors "$SND_MODULES"
configure:7209: $? = 0
configure:7286: result: yes
configure:7295: result: ok
configure:7335: checking for GDK_PIXBUF
configure:7342: $PKG_CONFIG --exists --print-errors "$SND_MODULES"
configure:7345: $? = 0
configure:7358: $PKG_CONFIG --exists --print-errors "$SND_MODULES"
configure:7361: $? = 0
configure:7438: result: yes
configure:7480: checking for SNDFILE
configure:7487: $PKG_CONFIG --exists --print-errors "sndfile > 1.0.1"
configure:7490: $? = 0
configure:7503: $PKG_CONFIG --exists --print-errors "sndfile > 1.0.1"
configure:7506: $? = 0
configure:7541: result: yes
configure:7903: checking for ANSI C header files
configure:8071: result: yes
configure:8097: checking dlfcn.h usability
configure:8114: gcc -c -O6 -ffast-math -fomit-frame-pointer -fforce-addr -march=k6 -mtune=k6 -Wall -DORBIT2=1 -pthread -I/usr/include/libgnomeui-2.0 -I/usr/include/libgnome-2.0 -I/usr/include/libbonoboui-2.0 -I/usr/include/libgnomecanvas-2.0 -I/usr/include/gtk-2.0 -I/usr/include/gnome-vfs-2.0 -I/usr/lib/gnome-vfs-2.0/include -I/usr/include/glib-2.0 -I/usr/lib/glib-2.0/include -I/usr/include/libbonobo-2.0 -I/usr/include/orbit-2.0 -I/usr/include/bonobo-activation-2.0 -I/usr/include/libart-2.0 -I/usr/lib/gtk-2.0/include -I/usr/include/atk-1.0 -I/usr/include/cairo -I/usr/include/pango-1.0 -I/usr/include/freetype2 -I/usr/include/gconf/2   -pthread -I/usr/include/gtk-2.0 -I/usr/lib/gtk-2.0/include -I/usr/include/atk-1.0 -I/usr/include/cairo -I/usr/include/pango-1.0 -I/usr/include/glib-2.0 -I/usr/lib/glib-2.0/include -I/usr/include/freetype2   -I/usr/include/gtk-2.0 -I/usr/include/glib-2.0 -I/usr/lib/glib-2.0/include      conftest.c >&5
configure:8121: $? = 0
configure:8135: result: yes
configure:8139: checking dlfcn.h presence
configure:8154: gcc -E  conftest.c
configure:8161: $? = 0
configure:8175: result: yes
configure:8203: checking for dlfcn.h
configure:8212: result: yes
configure:8231: checking for setresuid
configure:8290: gcc -o conftest -O6 -ffast-math -fomit-frame-pointer -fforce-addr -march=k6 -mtune=k6 -Wall -DORBIT2=1 -pthread -I/usr/include/libgnomeui-2.0 -I/usr/include/libgnome-2.0 -I/usr/include/libbonoboui-2.0 -I/usr/include/libgnomecanvas-2.0 -I/usr/include/gtk-2.0 -I/usr/include/gnome-vfs-2.0 -I/usr/lib/gnome-vfs-2.0/include -I/usr/include/glib-2.0 -I/usr/lib/glib-2.0/include -I/usr/include/libbonobo-2.0 -I/usr/include/orbit-2.0 -I/usr/include/bonobo-activation-2.0 -I/usr/include/libart-2.0 -I/usr/lib/gtk-2.0/include -I/usr/include/atk-1.0 -I/usr/include/cairo -I/usr/include/pango-1.0 -I/usr/include/freetype2 -I/usr/include/gconf/2   -pthread -I/usr/include/gtk-2.0 -I/usr/lib/gtk-2.0/include -I/usr/include/atk-1.0 -I/usr/include/cairo -I/usr/include/pango-1.0 -I/usr/include/glib-2.0 -I/usr/lib/glib-2.0/include -I/usr/include/freetype2   -I/usr/include/gtk-2.0 -I/usr/include/glib-2.0 -I/usr/lib/glib-2.0/include       conftest.c  -pthread -lgnomeui-2 -lSM -lICE -lbonoboui-2 -lgnomevfs-2 -lgnomecanvas-2 -lgnome-2 -lpopt -lbonobo-2 -lbonobo-activation -lORBit-2 -lart_lgpl_2 -lgtk-x11-2.0 -lgdk-x11-2.0 -latk-1.0 -lgio-2.0 -lgdk_pixbuf-2.0 -lpangocairo-1.0 -lcairo -lpangoft2-1.0 -lpango-1.0 -lm -lfreetype -lfontconfig -lgconf-2 -lgthread-2.0 -lrt -lgmodule-2.0 -lgobject-2.0 -lglib-2.0   -pthread -lgtk-x11-2.0 -lgdk-x11-2.0 -latk-1.0 -lgio-2.0 -lgdk_pixbuf-2.0 -lpangocairo-1.0 -lcairo -lpangoft2-1.0 -lpango-1.0 -lm -lfreetype -lfontconfig -lgobject-2.0 -lgmodule-2.0 -lgthread-2.0 -lrt -lglib-2.0   -lgdk_pixbuf-2.0 -lgobject-2.0 -lgmodule-2.0 -lglib-2.0   -lsndfile   >&5
configure:8297: $? = 0
configure:8375: result: yes
configure:8414: checking sys/soundcard.h usability
configure:8431: gcc -c -O6 -ffast-math -fomit-frame-pointer -fforce-addr -march=k6 -mtune=k6 -Wall -DORBIT2=1 -pthread -I/usr/include/libgnomeui-2.0 -I/usr/include/libgnome-2.0 -I/usr/include/libbonoboui-2.0 -I/usr/include/libgnomecanvas-2.0 -I/usr/include/gtk-2.0 -I/usr/include/gnome-vfs-2.0 -I/usr/lib/gnome-vfs-2.0/include -I/usr/include/glib-2.0 -I/usr/lib/glib-2.0/include -I/usr/include/libbonobo-2.0 -I/usr/include/orbit-2.0 -I/usr/include/bonobo-activation-2.0 -I/usr/include/libart-2.0 -I/usr/lib/gtk-2.0/include -I/usr/include/atk-1.0 -I/usr/include/cairo -I/usr/include/pango-1.0 -I/usr/include/freetype2 -I/usr/include/gconf/2   -pthread -I/usr/include/gtk-2.0 -I/usr/lib/gtk-2.0/include -I/usr/include/atk-1.0 -I/usr/include/cairo -I/usr/include/pango-1.0 -I/usr/include/glib-2.0 -I/usr/lib/glib-2.0/include -I/usr/include/freetype2   -I/usr/include/gtk-2.0 -I/usr/include/glib-2.0 -I/usr/lib/glib-2.0/include      conftest.c >&5
configure:8438: $? = 0
configure:8452: result: yes
configure:8456: checking sys/soundcard.h presence
configure:8471: gcc -E  conftest.c
configure:8478: $? = 0
configure:8492: result: yes
configure:8520: checking for sys/soundcard.h
configure:8529: result: yes
configure:8414: checking machine/soundcard.h usability
configure:8431: gcc -c -O6 -ffast-math -fomit-frame-pointer -fforce-addr -march=k6 -mtune=k6 -Wall -DORBIT2=1 -pthread -I/usr/include/libgnomeui-2.0 -I/usr/include/libgnome-2.0 -I/usr/include/libbonoboui-2.0 -I/usr/include/libgnomecanvas-2.0 -I/usr/include/gtk-2.0 -I/usr/include/gnome-vfs-2.0 -I/usr/lib/gnome-vfs-2.0/include -I/usr/include/glib-2.0 -I/usr/lib/glib-2.0/include -I/usr/include/libbonobo-2.0 -I/usr/include/orbit-2.0 -I/usr/include/bonobo-activation-2.0 -I/usr/include/libart-2.0 -I/usr/lib/gtk-2.0/include -I/usr/include/atk-1.0 -I/usr/include/cairo -I/usr/include/pango-1.0 -I/usr/include/freetype2 -I/usr/include/gconf/2   -pthread -I/usr/include/gtk-2.0 -I/usr/lib/gtk-2.0/include -I/usr/include/atk-1.0 -I/usr/include/cairo -I/usr/include/pango-1.0 -I/usr/include/glib-2.0 -I/usr/lib/glib-2.0/include -I/usr/include/freetype2   -I/usr/include/gtk-2.0 -I/usr/include/glib-2.0 -I/usr/lib/glib-2.0/include      conftest.c >&5
conftest.c:63:31: error: machine/soundcard.h: No such file or directory
configure:8438: $? = 1
configure: failed program was:
| /* confdefs.h.  */
| #define PACKAGE_NAME ""
| #define PACKAGE_TARNAME ""
| #define PACKAGE_VERSION ""
| #define PACKAGE_STRING ""
| #define PACKAGE_BUGREPORT ""
| #define PACKAGE "soundtracker"
| #define VERSION "0.6.8"
| #define STDC_HEADERS 1
| #define HAVE_SYS_TYPES_H 1
| #define HAVE_SYS_STAT_H 1
| #define HAVE_STDLIB_H 1
| #define HAVE_STRING_H 1
| #define HAVE_MEMORY_H 1
| #define HAVE_STRINGS_H 1
| #define HAVE_INTTYPES_H 1
| #define HAVE_STDINT_H 1
| #define HAVE_UNISTD_H 1
| #define HAVE_POLL 1
| #define ENABLE_NLS 1
| #define HAVE_GETTEXT 1
| #define HAVE_DCGETTEXT 1
| #define USE_GNOME 1
| #define USE_SNDFILE 1
| #define STDC_HEADERS 1
| #define HAVE_DLFCN_H 1
| #define HAVE_SETRESUID 1
| #define HAVE_SYS_SOUNDCARD_H 1
| /* end confdefs.h.  */
| #include <stdio.h>
| #ifdef HAVE_SYS_TYPES_H
| # include <sys/types.h>
| #endif
| #ifdef HAVE_SYS_STAT_H
| # include <sys/stat.h>
| #endif
| #ifdef STDC_HEADERS
| # include <stdlib.h>
| # include <stddef.h>
| #else
| # ifdef HAVE_STDLIB_H
| #  include <stdlib.h>
| # endif
| #endif
| #ifdef HAVE_STRING_H
| # if !defined STDC_HEADERS && defined HAVE_MEMORY_H
| #  include <memory.h>
| # endif
| # include <string.h>
| #endif
| #ifdef HAVE_STRINGS_H
| # include <strings.h>
| #endif
| #ifdef HAVE_INTTYPES_H
| # include <inttypes.h>
| #endif
| #ifdef HAVE_STDINT_H
| # include <stdint.h>
| #endif
| #ifdef HAVE_UNISTD_H
| # include <unistd.h>
| #endif
| #include <machine/soundcard.h>
configure:8452: result: no
configure:8456: checking machine/soundcard.h presence
configure:8471: gcc -E  conftest.c
conftest.c:30:31: error: machine/soundcard.h: No such file or directory
configure:8478: $? = 1
configure: failed program was:
| /* confdefs.h.  */
| #define PACKAGE_NAME ""
| #define PACKAGE_TARNAME ""
| #define PACKAGE_VERSION ""
| #define PACKAGE_STRING ""
| #define PACKAGE_BUGREPORT ""
| #define PACKAGE "soundtracker"
| #define VERSION "0.6.8"
| #define STDC_HEADERS 1
| #define HAVE_SYS_TYPES_H 1
| #define HAVE_SYS_STAT_H 1
| #define HAVE_STDLIB_H 1
| #define HAVE_STRING_H 1
| #define HAVE_MEMORY_H 1
| #define HAVE_STRINGS_H 1
| #define HAVE_INTTYPES_H 1
| #define HAVE_STDINT_H 1
| #define HAVE_UNISTD_H 1
| #define HAVE_POLL 1
| #define ENABLE_NLS 1
| #define HAVE_GETTEXT 1
| #define HAVE_DCGETTEXT 1
| #define USE_GNOME 1
| #define USE_SNDFILE 1
| #define STDC_HEADERS 1
| #define HAVE_DLFCN_H 1
| #define HAVE_SETRESUID 1
| #define HAVE_SYS_SOUNDCARD_H 1
| /* end confdefs.h.  */
| #include <machine/soundcard.h>
configure:8492: result: no
configure:8520: checking for machine/soundcard.h
configure:8529: result: no
configure:8414: checking soundcard.h usability
configure:8431: gcc -c -O6 -ffast-math -fomit-frame-pointer -fforce-addr -march=k6 -mtune=k6 -Wall -DORBIT2=1 -pthread -I/usr/include/libgnomeui-2.0 -I/usr/include/libgnome-2.0 -I/usr/include/libbonoboui-2.0 -I/usr/include/libgnomecanvas-2.0 -I/usr/include/gtk-2.0 -I/usr/include/gnome-vfs-2.0 -I/usr/lib/gnome-vfs-2.0/include -I/usr/include/glib-2.0 -I/usr/lib/glib-2.0/include -I/usr/include/libbonobo-2.0 -I/usr/include/orbit-2.0 -I/usr/include/bonobo-activation-2.0 -I/usr/include/libart-2.0 -I/usr/lib/gtk-2.0/include -I/usr/include/atk-1.0 -I/usr/include/cairo -I/usr/include/pango-1.0 -I/usr/include/freetype2 -I/usr/include/gconf/2   -pthread -I/usr/include/gtk-2.0 -I/usr/lib/gtk-2.0/include -I/usr/include/atk-1.0 -I/usr/include/cairo -I/usr/include/pango-1.0 -I/usr/include/glib-2.0 -I/usr/lib/glib-2.0/include -I/usr/include/freetype2   -I/usr/include/gtk-2.0 -I/usr/include/glib-2.0 -I/usr/lib/glib-2.0/include      conftest.c >&5
conftest.c:63:23: error: soundcard.h: No such file or directory
configure:8438: $? = 1
configure: failed program was:
| /* confdefs.h.  */
| #define PACKAGE_NAME ""
| #define PACKAGE_TARNAME ""
| #define PACKAGE_VERSION ""
| #define PACKAGE_STRING ""
| #define PACKAGE_BUGREPORT ""
| #define PACKAGE "soundtracker"
| #define VERSION "0.6.8"
| #define STDC_HEADERS 1
| #define HAVE_SYS_TYPES_H 1
| #define HAVE_SYS_STAT_H 1
| #define HAVE_STDLIB_H 1
| #define HAVE_STRING_H 1
| #define HAVE_MEMORY_H 1
| #define HAVE_STRINGS_H 1
| #define HAVE_INTTYPES_H 1
| #define HAVE_STDINT_H 1
| #define HAVE_UNISTD_H 1
| #define HAVE_POLL 1
| #define ENABLE_NLS 1
| #define HAVE_GETTEXT 1
| #define HAVE_DCGETTEXT 1
| #define USE_GNOME 1
| #define USE_SNDFILE 1
| #define STDC_HEADERS 1
| #define HAVE_DLFCN_H 1
| #define HAVE_SETRESUID 1
| #define HAVE_SYS_SOUNDCARD_H 1
| /* end confdefs.h.  */
| #include <stdio.h>
| #ifdef HAVE_SYS_TYPES_H
| # include <sys/types.h>
| #endif
| #ifdef HAVE_SYS_STAT_H
| # include <sys/stat.h>
| #endif
| #ifdef STDC_HEADERS
| # include <stdlib.h>
| # include <stddef.h>
| #else
| # ifdef HAVE_STDLIB_H
| #  include <stdlib.h>
| # endif
| #endif
| #ifdef HAVE_STRING_H
| # if !defined STDC_HEADERS && defined HAVE_MEMORY_H
| #  include <memory.h>
| # endif
| # include <string.h>
| #endif
| #ifdef HAVE_STRINGS_H
| # include <strings.h>
| #endif
| #ifdef HAVE_INTTYPES_H
| # include <inttypes.h>
| #endif
| #ifdef HAVE_STDINT_H
| # include <stdint.h>
| #endif
| #ifdef HAVE_UNISTD_H
| # include <unistd.h>
| #endif
| #include <soundcard.h>
configure:8452: result: no
configure:8456: checking soundcard.h presence
configure:8471: gcc -E  conftest.c
conftest.c:30:23: error: soundcard.h: No such file or directory
configure:8478: $? = 1
configure: failed program was:
| /* confdefs.h.  */
| #define PACKAGE_NAME ""
| #define PACKAGE_TARNAME ""
| #define PACKAGE_VERSION ""
| #define PACKAGE_STRING ""
| #define PACKAGE_BUGREPORT ""
| #define PACKAGE "soundtracker"
| #define VERSION "0.6.8"
| #define STDC_HEADERS 1
| #define HAVE_SYS_TYPES_H 1
| #define HAVE_SYS_STAT_H 1
| #define HAVE_STDLIB_H 1
| #define HAVE_STRING_H 1
| #define HAVE_MEMORY_H 1
| #define HAVE_STRINGS_H 1
| #define HAVE_INTTYPES_H 1
| #define HAVE_STDINT_H 1
| #define HAVE_UNISTD_H 1
| #define HAVE_POLL 1
| #define ENABLE_NLS 1
| #define HAVE_GETTEXT 1
| #define HAVE_DCGETTEXT 1
| #define USE_GNOME 1
| #define USE_SNDFILE 1
| #define STDC_HEADERS 1
| #define HAVE_DLFCN_H 1
| #define HAVE_SETRESUID 1
| #define HAVE_SYS_SOUNDCARD_H 1
| /* end confdefs.h.  */
| #include <soundcard.h>
configure:8492: result: no
configure:8520: checking for soundcard.h
configure:8529: result: no
configure:8653: checking for snd_pcm_plug_open in -lasound
configure:8688: gcc -o conftest -O6 -ffast-math -fomit-frame-pointer -fforce-addr -march=k6 -mtune=k6 -Wall -DORBIT2=1 -pthread -I/usr/include/libgnomeui-2.0 -I/usr/include/libgnome-2.0 -I/usr/include/libbonoboui-2.0 -I/usr/include/libgnomecanvas-2.0 -I/usr/include/gtk-2.0 -I/usr/include/gnome-vfs-2.0 -I/usr/lib/gnome-vfs-2.0/include -I/usr/include/glib-2.0 -I/usr/lib/glib-2.0/include -I/usr/include/libbonobo-2.0 -I/usr/include/orbit-2.0 -I/usr/include/bonobo-activation-2.0 -I/usr/include/libart-2.0 -I/usr/lib/gtk-2.0/include -I/usr/include/atk-1.0 -I/usr/include/cairo -I/usr/include/pango-1.0 -I/usr/include/freetype2 -I/usr/include/gconf/2   -pthread -I/usr/include/gtk-2.0 -I/usr/lib/gtk-2.0/include -I/usr/include/atk-1.0 -I/usr/include/cairo -I/usr/include/pango-1.0 -I/usr/include/glib-2.0 -I/usr/lib/glib-2.0/include -I/usr/include/freetype2   -I/usr/include/gtk-2.0 -I/usr/include/glib-2.0 -I/usr/lib/glib-2.0/include       conftest.c -lasound   -pthread -lgnomeui-2 -lSM -lICE -lbonoboui-2 -lgnomevfs-2 -lgnomecanvas-2 -lgnome-2 -lpopt -lbonobo-2 -lbonobo-activation -lORBit-2 -lart_lgpl_2 -lgtk-x11-2.0 -lgdk-x11-2.0 -latk-1.0 -lgio-2.0 -lgdk_pixbuf-2.0 -lpangocairo-1.0 -lcairo -lpangoft2-1.0 -lpango-1.0 -lm -lfreetype -lfontconfig -lgconf-2 -lgthread-2.0 -lrt -lgmodule-2.0 -lgobject-2.0 -lglib-2.0   -pthread -lgtk-x11-2.0 -lgdk-x11-2.0 -latk-1.0 -lgio-2.0 -lgdk_pixbuf-2.0 -lpangocairo-1.0 -lcairo -lpangoft2-1.0 -lpango-1.0 -lm -lfreetype -lfontconfig -lgobject-2.0 -lgmodule-2.0 -lgthread-2.0 -lrt -lglib-2.0   -lgdk_pixbuf-2.0 -lgobject-2.0 -lgmodule-2.0 -lglib-2.0   -lsndfile   >&5
configure:8695: $? = 0
configure:8716: result: yes
configure:8968: checking for esd-config
configure:8986: found /usr/bin/esd-config
configure:8999: result: /usr/bin/esd-config
configure:9008: checking for ESD - version >= 0.2.8
configure:9107: gcc -o conftest -O6 -ffast-math -fomit-frame-pointer -fforce-addr -march=k6 -mtune=k6 -Wall -DORBIT2=1 -pthread -I/usr/include/libgnomeui-2.0 -I/usr/include/libgnome-2.0 -I/usr/include/libbonoboui-2.0 -I/usr/include/libgnomecanvas-2.0 -I/usr/include/gtk-2.0 -I/usr/include/gnome-vfs-2.0 -I/usr/lib/gnome-vfs-2.0/include -I/usr/include/glib-2.0 -I/usr/lib/glib-2.0/include -I/usr/include/libbonobo-2.0 -I/usr/include/orbit-2.0 -I/usr/include/bonobo-activation-2.0 -I/usr/include/libart-2.0 -I/usr/lib/gtk-2.0/include -I/usr/include/atk-1.0 -I/usr/include/cairo -I/usr/include/pango-1.0 -I/usr/include/freetype2 -I/usr/include/gconf/2   -pthread -I/usr/include/gtk-2.0 -I/usr/lib/gtk-2.0/include -I/usr/include/atk-1.0 -I/usr/include/cairo -I/usr/include/pango-1.0 -I/usr/include/glib-2.0 -I/usr/lib/glib-2.0/include -I/usr/include/freetype2   -I/usr/include/gtk-2.0 -I/usr/include/glib-2.0 -I/usr/lib/glib-2.0/include         conftest.c  -pthread -lgnomeui-2 -lSM -lICE -lbonoboui-2 -lgnomevfs-2 -lgnomecanvas-2 -lgnome-2 -lpopt -lbonobo-2 -lbonobo-activation -lORBit-2 -lart_lgpl_2 -lgtk-x11-2.0 -lgdk-x11-2.0 -latk-1.0 -lgio-2.0 -lgdk_pixbuf-2.0 -lpangocairo-1.0 -lcairo -lpangoft2-1.0 -lpango-1.0 -lm -lfreetype -lfontconfig -lgconf-2 -lgthread-2.0 -lrt -lgmodule-2.0 -lgobject-2.0 -lglib-2.0   -pthread -lgtk-x11-2.0 -lgdk-x11-2.0 -latk-1.0 -lgio-2.0 -lgdk_pixbuf-2.0 -lpangocairo-1.0 -lcairo -lpangoft2-1.0 -lpango-1.0 -lm -lfreetype -lfontconfig -lgobject-2.0 -lgmodule-2.0 -lgthread-2.0 -lrt -lglib-2.0   -lgdk_pixbuf-2.0 -lgobject-2.0 -lgmodule-2.0 -lglib-2.0   -lsndfile   -lasound -lesd   >&5
conftest.c: In function 'main':
conftest.c:59: warning: ignoring return value of 'system', declared with attribute warn_unused_result
configure:9111: $? = 0
configure:9117: ./conftest
configure:9121: $? = 0
configure:9148: result: yes
configure:9256: checking for esd_play_stream
configure:9315: gcc -o conftest -O6 -ffast-math -fomit-frame-pointer -fforce-addr -march=k6 -mtune=k6 -Wall -DORBIT2=1 -pthread -I/usr/include/libgnomeui-2.0 -I/usr/include/libgnome-2.0 -I/usr/include/libbonoboui-2.0 -I/usr/include/libgnomecanvas-2.0 -I/usr/include/gtk-2.0 -I/usr/include/gnome-vfs-2.0 -I/usr/lib/gnome-vfs-2.0/include -I/usr/include/glib-2.0 -I/usr/lib/glib-2.0/include -I/usr/include/libbonobo-2.0 -I/usr/include/orbit-2.0 -I/usr/include/bonobo-activation-2.0 -I/usr/include/libart-2.0 -I/usr/lib/gtk-2.0/include -I/usr/include/atk-1.0 -I/usr/include/cairo -I/usr/include/pango-1.0 -I/usr/include/freetype2 -I/usr/include/gconf/2   -pthread -I/usr/include/gtk-2.0 -I/usr/lib/gtk-2.0/include -I/usr/include/atk-1.0 -I/usr/include/cairo -I/usr/include/pango-1.0 -I/usr/include/glib-2.0 -I/usr/lib/glib-2.0/include -I/usr/include/freetype2   -I/usr/include/gtk-2.0 -I/usr/include/glib-2.0 -I/usr/lib/glib-2.0/include       conftest.c  -pthread -lgnomeui-2 -lSM -lICE -lbonoboui-2 -lgnomevfs-2 -lgnomecanvas-2 -lgnome-2 -lpopt -lbonobo-2 -lbonobo-activation -lORBit-2 -lart_lgpl_2 -lgtk-x11-2.0 -lgdk-x11-2.0 -latk-1.0 -lgio-2.0 -lgdk_pixbuf-2.0 -lpangocairo-1.0 -lcairo -lpangoft2-1.0 -lpango-1.0 -lm -lfreetype -lfontconfig -lgconf-2 -lgthread-2.0 -lrt -lgmodule-2.0 -lgobject-2.0 -lglib-2.0   -pthread -lgtk-x11-2.0 -lgdk-x11-2.0 -latk-1.0 -lgio-2.0 -lgdk_pixbuf-2.0 -lpangocairo-1.0 -lcairo -lpangoft2-1.0 -lpango-1.0 -lm -lfreetype -lfontconfig -lgobject-2.0 -lgmodule-2.0 -lgthread-2.0 -lrt -lglib-2.0   -lgdk_pixbuf-2.0 -lgobject-2.0 -lgmodule-2.0 -lglib-2.0   -lsndfile   -lasound >&5
/tmp/.private/mutabor/cceKowa1.o: In function `main':
conftest.c:(.text+0xf): undefined reference to `esd_play_stream'
collect2: ld returned 1 exit status
configure:9322: $? = 1
configure: failed program was:
| /* confdefs.h.  */
| #define PACKAGE_NAME ""
| #define PACKAGE_TARNAME ""
| #define PACKAGE_VERSION ""
| #define PACKAGE_STRING ""
| #define PACKAGE_BUGREPORT ""
| #define PACKAGE "soundtracker"
| #define VERSION "0.6.8"
| #define STDC_HEADERS 1
| #define HAVE_SYS_TYPES_H 1
| #define HAVE_SYS_STAT_H 1
| #define HAVE_STDLIB_H 1
| #define HAVE_STRING_H 1
| #define HAVE_MEMORY_H 1
| #define HAVE_STRINGS_H 1
| #define HAVE_INTTYPES_H 1
| #define HAVE_STDINT_H 1
| #define HAVE_UNISTD_H 1
| #define HAVE_POLL 1
| #define ENABLE_NLS 1
| #define HAVE_GETTEXT 1
| #define HAVE_DCGETTEXT 1
| #define USE_GNOME 1
| #define USE_SNDFILE 1
| #define STDC_HEADERS 1
| #define HAVE_DLFCN_H 1
| #define HAVE_SETRESUID 1
| #define HAVE_SYS_SOUNDCARD_H 1
| #define DRIVER_OSS 1
| #define DRIVER_ALSA_09x 1
| /* end confdefs.h.  */
| /* Define esd_play_stream to an innocuous variant, in case <limits.h> declares esd_play_stream.
|    For example, HP-UX 11i <limits.h> declares gettimeofday.  */
| #define esd_play_stream innocuous_esd_play_stream
| 
| /* Tell GNU C headers to include stubs.  */
| #define __need_GNU_STUBS_H
| 
| /* System header to define __stub macros and hopefully few prototypes,
|     which can conflict with char esd_play_stream (); below.
|     Prefer <limits.h> to <assert.h> if __STDC__ is defined, since
|     <limits.h> exists even on freestanding compilers.  */
| 
| #ifdef __STDC__
| # include <limits.h>
| #else
| # include <assert.h>
| #endif
| 
| #undef esd_play_stream
| 
| /* Override any GCC internal prototype to avoid an error.
|    Use char because int might match the return type of a GCC
|    builtin and then its argument prototype would still apply.  */
| #ifdef __cplusplus
| extern "C"
| #endif
| char esd_play_stream ();
| /* The GNU C library defines this for functions which it implements
|     to always fail with ENOSYS.  Some functions are actually named
|     something starting with __ and the normal name is an alias.  */
| #if defined __stub_esd_play_stream || defined __stub___esd_play_stream
| choke me
| #endif
| 
| int
| main ()
| {
| return esd_play_stream ();
|   ;
|   return 0;
| }
configure:9366: gcc -o conftest -O6 -ffast-math -fomit-frame-pointer -fforce-addr -march=k6 -mtune=k6 -Wall -DORBIT2=1 -pthread -I/usr/include/libgnomeui-2.0 -I/usr/include/libgnome-2.0 -I/usr/include/libbonoboui-2.0 -I/usr/include/libgnomecanvas-2.0 -I/usr/include/gtk-2.0 -I/usr/include/gnome-vfs-2.0 -I/usr/lib/gnome-vfs-2.0/include -I/usr/include/glib-2.0 -I/usr/lib/glib-2.0/include -I/usr/include/libbonobo-2.0 -I/usr/include/orbit-2.0 -I/usr/include/bonobo-activation-2.0 -I/usr/include/libart-2.0 -I/usr/lib/gtk-2.0/include -I/usr/include/atk-1.0 -I/usr/include/cairo -I/usr/include/pango-1.0 -I/usr/include/freetype2 -I/usr/include/gconf/2   -pthread -I/usr/include/gtk-2.0 -I/usr/lib/gtk-2.0/include -I/usr/include/atk-1.0 -I/usr/include/cairo -I/usr/include/pango-1.0 -I/usr/include/glib-2.0 -I/usr/lib/glib-2.0/include -I/usr/include/freetype2   -I/usr/include/gtk-2.0 -I/usr/include/glib-2.0 -I/usr/lib/glib-2.0/include       conftest.c  -pthread -lgnomeui-2 -lSM -lICE -lbonoboui-2 -lgnomevfs-2 -lgnomecanvas-2 -lgnome-2 -lpopt -lbonobo-2 -lbonobo-activation -lORBit-2 -lart_lgpl_2 -lgtk-x11-2.0 -lgdk-x11-2.0 -latk-1.0 -lgio-2.0 -lgdk_pixbuf-2.0 -lpangocairo-1.0 -lcairo -lpangoft2-1.0 -lpango-1.0 -lm -lfreetype -lfontconfig -lgconf-2 -lgthread-2.0 -lrt -lgmodule-2.0 -lgobject-2.0 -lglib-2.0   -pthread -lgtk-x11-2.0 -lgdk-x11-2.0 -latk-1.0 -lgio-2.0 -lgdk_pixbuf-2.0 -lpangocairo-1.0 -lcairo -lpangoft2-1.0 -lpango-1.0 -lm -lfreetype -lfontconfig -lgobject-2.0 -lgmodule-2.0 -lgthread-2.0 -lrt -lglib-2.0   -lgdk_pixbuf-2.0 -lgobject-2.0 -lgmodule-2.0 -lglib-2.0   -lsndfile   -lasound >&5
conftest.c:38: error: '__builtin_esd_play_stream' undeclared here (not in a function)
conftest.c:38: warning: type defaults to 'int' in declaration of 'esd_play_stream'
conftest.c:40: warning: type defaults to 'int' in declaration of 'f'
conftest.c:40: warning: initialization makes pointer from integer without a cast
conftest.c:40: error: initializer element is not constant
configure:9373: $? = 1
configure: failed program was:
| /* confdefs.h.  */
| #define PACKAGE_NAME ""
| #define PACKAGE_TARNAME ""
| #define PACKAGE_VERSION ""
| #define PACKAGE_STRING ""
| #define PACKAGE_BUGREPORT ""
| #define PACKAGE "soundtracker"
| #define VERSION "0.6.8"
| #define STDC_HEADERS 1
| #define HAVE_SYS_TYPES_H 1
| #define HAVE_SYS_STAT_H 1
| #define HAVE_STDLIB_H 1
| #define HAVE_STRING_H 1
| #define HAVE_MEMORY_H 1
| #define HAVE_STRINGS_H 1
| #define HAVE_INTTYPES_H 1
| #define HAVE_STDINT_H 1
| #define HAVE_UNISTD_H 1
| #define HAVE_POLL 1
| #define ENABLE_NLS 1
| #define HAVE_GETTEXT 1
| #define HAVE_DCGETTEXT 1
| #define USE_GNOME 1
| #define USE_SNDFILE 1
| #define STDC_HEADERS 1
| #define HAVE_DLFCN_H 1
| #define HAVE_SETRESUID 1
| #define HAVE_SYS_SOUNDCARD_H 1
| #define DRIVER_OSS 1
| #define DRIVER_ALSA_09x 1
| /* end confdefs.h.  */
| #ifndef __GNUC__
| choke me
| #else
| #undef esd_play_stream
| /* Declare this function with same prototype as __builtin_esd_play_stream.
|   This removes warning about conflicting type with builtin */
| __typeof__(__builtin_esd_play_stream) esd_play_stream;
| 
| __typeof__(__builtin_esd_play_stream) *f = esd_play_stream;
| #endif
| 
| int
| main ()
| {
| return f != __builtin_esd_play_stream;
|   ;
|   return 0;
| }
configure:9400: result: no
configure:9871: checking sys/audioio.h usability
configure:9888: gcc -c -O6 -ffast-math -fomit-frame-pointer -fforce-addr -march=k6 -mtune=k6 -Wall -DORBIT2=1 -pthread -I/usr/include/libgnomeui-2.0 -I/usr/include/libgnome-2.0 -I/usr/include/libbonoboui-2.0 -I/usr/include/libgnomecanvas-2.0 -I/usr/include/gtk-2.0 -I/usr/include/gnome-vfs-2.0 -I/usr/lib/gnome-vfs-2.0/include -I/usr/include/glib-2.0 -I/usr/lib/glib-2.0/include -I/usr/include/libbonobo-2.0 -I/usr/include/orbit-2.0 -I/usr/include/bonobo-activation-2.0 -I/usr/include/libart-2.0 -I/usr/lib/gtk-2.0/include -I/usr/include/atk-1.0 -I/usr/include/cairo -I/usr/include/pango-1.0 -I/usr/include/freetype2 -I/usr/include/gconf/2   -pthread -I/usr/include/gtk-2.0 -I/usr/lib/gtk-2.0/include -I/usr/include/atk-1.0 -I/usr/include/cairo -I/usr/include/pango-1.0 -I/usr/include/glib-2.0 -I/usr/lib/glib-2.0/include -I/usr/include/freetype2   -I/usr/include/gtk-2.0 -I/usr/include/glib-2.0 -I/usr/lib/glib-2.0/include        conftest.c >&5
conftest.c:66:25: error: sys/audioio.h: No such file or directory
configure:9895: $? = 1
configure: failed program was:
| /* confdefs.h.  */
| #define PACKAGE_NAME ""
| #define PACKAGE_TARNAME ""
| #define PACKAGE_VERSION ""
| #define PACKAGE_STRING ""
| #define PACKAGE_BUGREPORT ""
| #define PACKAGE "soundtracker"
| #define VERSION "0.6.8"
| #define STDC_HEADERS 1
| #define HAVE_SYS_TYPES_H 1
| #define HAVE_SYS_STAT_H 1
| #define HAVE_STDLIB_H 1
| #define HAVE_STRING_H 1
| #define HAVE_MEMORY_H 1
| #define HAVE_STRINGS_H 1
| #define HAVE_INTTYPES_H 1
| #define HAVE_STDINT_H 1
| #define HAVE_UNISTD_H 1
| #define HAVE_POLL 1
| #define ENABLE_NLS 1
| #define HAVE_GETTEXT 1
| #define HAVE_DCGETTEXT 1
| #define USE_GNOME 1
| #define USE_SNDFILE 1
| #define STDC_HEADERS 1
| #define HAVE_DLFCN_H 1
| #define HAVE_SETRESUID 1
| #define HAVE_SYS_SOUNDCARD_H 1
| #define DRIVER_OSS 1
| #define DRIVER_ALSA_09x 1
| #define DRIVER_ESD 1
| /* end confdefs.h.  */
| #include <stdio.h>
| #ifdef HAVE_SYS_TYPES_H
| # include <sys/types.h>
| #endif
| #ifdef HAVE_SYS_STAT_H
| # include <sys/stat.h>
| #endif
| #ifdef STDC_HEADERS
| # include <stdlib.h>
| # include <stddef.h>
| #else
| # ifdef HAVE_STDLIB_H
| #  include <stdlib.h>
| # endif
| #endif
| #ifdef HAVE_STRING_H
| # if !defined STDC_HEADERS && defined HAVE_MEMORY_H
| #  include <memory.h>
| # endif
| # include <string.h>
| #endif
| #ifdef HAVE_STRINGS_H
| # include <strings.h>
| #endif
| #ifdef HAVE_INTTYPES_H
| # include <inttypes.h>
| #endif
| #ifdef HAVE_STDINT_H
| # include <stdint.h>
| #endif
| #ifdef HAVE_UNISTD_H
| # include <unistd.h>
| #endif
| #include <sys/audioio.h>
configure:9909: result: no
configure:9913: checking sys/audioio.h presence
configure:9928: gcc -E  conftest.c
conftest.c:33:25: error: sys/audioio.h: No such file or directory
configure:9935: $? = 1
configure: failed program was:
| /* confdefs.h.  */
| #define PACKAGE_NAME ""
| #define PACKAGE_TARNAME ""
| #define PACKAGE_VERSION ""
| #define PACKAGE_STRING ""
| #define PACKAGE_BUGREPORT ""
| #define PACKAGE "soundtracker"
| #define VERSION "0.6.8"
| #define STDC_HEADERS 1
| #define HAVE_SYS_TYPES_H 1
| #define HAVE_SYS_STAT_H 1
| #define HAVE_STDLIB_H 1
| #define HAVE_STRING_H 1
| #define HAVE_MEMORY_H 1
| #define HAVE_STRINGS_H 1
| #define HAVE_INTTYPES_H 1
| #define HAVE_STDINT_H 1
| #define HAVE_UNISTD_H 1
| #define HAVE_POLL 1
| #define ENABLE_NLS 1
| #define HAVE_GETTEXT 1
| #define HAVE_DCGETTEXT 1
| #define USE_GNOME 1
| #define USE_SNDFILE 1
| #define STDC_HEADERS 1
| #define HAVE_DLFCN_H 1
| #define HAVE_SETRESUID 1
| #define HAVE_SYS_SOUNDCARD_H 1
| #define DRIVER_OSS 1
| #define DRIVER_ALSA_09x 1
| #define DRIVER_ESD 1
| /* end confdefs.h.  */
| #include <sys/audioio.h>
configure:9949: result: no
configure:9977: checking for sys/audioio.h
configure:9986: result: no
configure:10071: checking for sdl-config
configure:10089: found /usr/bin/sdl-config
configure:10102: result: /usr/bin/sdl-config
configure:10111: checking for SDL - version >= 1.2.0
configure:10208: gcc -o conftest -O6 -ffast-math -fomit-frame-pointer -fforce-addr -march=k6 -mtune=k6 -Wall -DORBIT2=1 -pthread -I/usr/include/libgnomeui-2.0 -I/usr/include/libgnome-2.0 -I/usr/include/libbonoboui-2.0 -I/usr/include/libgnomecanvas-2.0 -I/usr/include/gtk-2.0 -I/usr/include/gnome-vfs-2.0 -I/usr/lib/gnome-vfs-2.0/include -I/usr/include/glib-2.0 -I/usr/lib/glib-2.0/include -I/usr/include/libbonobo-2.0 -I/usr/include/orbit-2.0 -I/usr/include/bonobo-activation-2.0 -I/usr/include/libart-2.0 -I/usr/lib/gtk-2.0/include -I/usr/include/atk-1.0 -I/usr/include/cairo -I/usr/include/pango-1.0 -I/usr/include/freetype2 -I/usr/include/gconf/2   -pthread -I/usr/include/gtk-2.0 -I/usr/lib/gtk-2.0/include -I/usr/include/atk-1.0 -I/usr/include/cairo -I/usr/include/pango-1.0 -I/usr/include/glib-2.0 -I/usr/lib/glib-2.0/include -I/usr/include/freetype2   -I/usr/include/gtk-2.0 -I/usr/include/glib-2.0 -I/usr/lib/glib-2.0/include       -I/usr/include/SDL -D_GNU_SOURCE=1 -D_REENTRANT   conftest.c  -pthread -lgnomeui-2 -lSM -lICE -lbonoboui-2 -lgnomevfs-2 -lgnomecanvas-2 -lgnome-2 -lpopt -lbonobo-2 -lbonobo-activation -lORBit-2 -lart_lgpl_2 -lgtk-x11-2.0 -lgdk-x11-2.0 -latk-1.0 -lgio-2.0 -lgdk_pixbuf-2.0 -lpangocairo-1.0 -lcairo -lpangoft2-1.0 -lpango-1.0 -lm -lfreetype -lfontconfig -lgconf-2 -lgthread-2.0 -lrt -lgmodule-2.0 -lgobject-2.0 -lglib-2.0   -pthread -lgtk-x11-2.0 -lgdk-x11-2.0 -latk-1.0 -lgio-2.0 -lgdk_pixbuf-2.0 -lpangocairo-1.0 -lcairo -lpangoft2-1.0 -lpango-1.0 -lm -lfreetype -lfontconfig -lgobject-2.0 -lgmodule-2.0 -lgthread-2.0 -lrt -lglib-2.0   -lgdk_pixbuf-2.0 -lgobject-2.0 -lgmodule-2.0 -lglib-2.0   -lsndfile   -lasound -lesd   -lSDL -lpthread >&5
configure:10212: $? = 0
configure:10218: ./conftest
configure:10222: $? = 0
configure:10244: result: yes
configure:10408: checking for ranlib
configure:10424: found /usr/bin/ranlib
configure:10435: result: ranlib
configure:10459: checking whether byte ordering is bigendian
configure:10484: gcc -c -O6 -ffast-math -fomit-frame-pointer -fforce-addr -march=k6 -mtune=k6 -Wall -DORBIT2=1 -pthread -I/usr/include/libgnomeui-2.0 -I/usr/include/libgnome-2.0 -I/usr/include/libbonoboui-2.0 -I/usr/include/libgnomecanvas-2.0 -I/usr/include/gtk-2.0 -I/usr/include/gnome-vfs-2.0 -I/usr/lib/gnome-vfs-2.0/include -I/usr/include/glib-2.0 -I/usr/lib/glib-2.0/include -I/usr/include/libbonobo-2.0 -I/usr/include/orbit-2.0 -I/usr/include/bonobo-activation-2.0 -I/usr/include/libart-2.0 -I/usr/lib/gtk-2.0/include -I/usr/include/atk-1.0 -I/usr/include/cairo -I/usr/include/pango-1.0 -I/usr/include/freetype2 -I/usr/include/gconf/2   -pthread -I/usr/include/gtk-2.0 -I/usr/lib/gtk-2.0/include -I/usr/include/atk-1.0 -I/usr/include/cairo -I/usr/include/pango-1.0 -I/usr/include/glib-2.0 -I/usr/lib/glib-2.0/include -I/usr/include/freetype2   -I/usr/include/gtk-2.0 -I/usr/include/glib-2.0 -I/usr/lib/glib-2.0/include       -I/usr/include/SDL -D_GNU_SOURCE=1 -D_REENTRANT  conftest.c >&5
conftest.c:35: error: expected '=', ',', ';', 'asm' or '__attribute__' before 'a'
configure:10491: $? = 1
configure: failed program was:
| /* confdefs.h.  */
| #define PACKAGE_NAME ""
| #define PACKAGE_TARNAME ""
| #define PACKAGE_VERSION ""
| #define PACKAGE_STRING ""
| #define PACKAGE_BUGREPORT ""
| #define PACKAGE "soundtracker"
| #define VERSION "0.6.8"
| #define STDC_HEADERS 1
| #define HAVE_SYS_TYPES_H 1
| #define HAVE_SYS_STAT_H 1
| #define HAVE_STDLIB_H 1
| #define HAVE_STRING_H 1
| #define HAVE_MEMORY_H 1
| #define HAVE_STRINGS_H 1
| #define HAVE_INTTYPES_H 1
| #define HAVE_STDINT_H 1
| #define HAVE_UNISTD_H 1
| #define HAVE_POLL 1
| #define ENABLE_NLS 1
| #define HAVE_GETTEXT 1
| #define HAVE_DCGETTEXT 1
| #define USE_GNOME 1
| #define USE_SNDFILE 1
| #define STDC_HEADERS 1
| #define HAVE_DLFCN_H 1
| #define HAVE_SETRESUID 1
| #define HAVE_SYS_SOUNDCARD_H 1
| #define DRIVER_OSS 1
| #define DRIVER_ALSA_09x 1
| #define DRIVER_ESD 1
| #define DRIVER_SDL 1
| /* end confdefs.h.  */
| #ifndef __APPLE_CC__
| 	       not a universal capable compiler
| 	     #endif
| 	     typedef int dummy;
| 
configure:10541: gcc -c -O6 -ffast-math -fomit-frame-pointer -fforce-addr -march=k6 -mtune=k6 -Wall -DORBIT2=1 -pthread -I/usr/include/libgnomeui-2.0 -I/usr/include/libgnome-2.0 -I/usr/include/libbonoboui-2.0 -I/usr/include/libgnomecanvas-2.0 -I/usr/include/gtk-2.0 -I/usr/include/gnome-vfs-2.0 -I/usr/lib/gnome-vfs-2.0/include -I/usr/include/glib-2.0 -I/usr/lib/glib-2.0/include -I/usr/include/libbonobo-2.0 -I/usr/include/orbit-2.0 -I/usr/include/bonobo-activation-2.0 -I/usr/include/libart-2.0 -I/usr/lib/gtk-2.0/include -I/usr/include/atk-1.0 -I/usr/include/cairo -I/usr/include/pango-1.0 -I/usr/include/freetype2 -I/usr/include/gconf/2   -pthread -I/usr/include/gtk-2.0 -I/usr/lib/gtk-2.0/include -I/usr/include/atk-1.0 -I/usr/include/cairo -I/usr/include/pango-1.0 -I/usr/include/glib-2.0 -I/usr/lib/glib-2.0/include -I/usr/include/freetype2   -I/usr/include/gtk-2.0 -I/usr/include/glib-2.0 -I/usr/lib/glib-2.0/include       -I/usr/include/SDL -D_GNU_SOURCE=1 -D_REENTRANT  conftest.c >&5
configure:10548: $? = 0
configure:10580: gcc -c -O6 -ffast-math -fomit-frame-pointer -fforce-addr -march=k6 -mtune=k6 -Wall -DORBIT2=1 -pthread -I/usr/include/libgnomeui-2.0 -I/usr/include/libgnome-2.0 -I/usr/include/libbonoboui-2.0 -I/usr/include/libgnomecanvas-2.0 -I/usr/include/gtk-2.0 -I/usr/include/gnome-vfs-2.0 -I/usr/lib/gnome-vfs-2.0/include -I/usr/include/glib-2.0 -I/usr/lib/glib-2.0/include -I/usr/include/libbonobo-2.0 -I/usr/include/orbit-2.0 -I/usr/include/bonobo-activation-2.0 -I/usr/include/libart-2.0 -I/usr/lib/gtk-2.0/include -I/usr/include/atk-1.0 -I/usr/include/cairo -I/usr/include/pango-1.0 -I/usr/include/freetype2 -I/usr/include/gconf/2   -pthread -I/usr/include/gtk-2.0 -I/usr/lib/gtk-2.0/include -I/usr/include/atk-1.0 -I/usr/include/cairo -I/usr/include/pango-1.0 -I/usr/include/glib-2.0 -I/usr/lib/glib-2.0/include -I/usr/include/freetype2   -I/usr/include/gtk-2.0 -I/usr/include/glib-2.0 -I/usr/lib/glib-2.0/include       -I/usr/include/SDL -D_GNU_SOURCE=1 -D_REENTRANT  conftest.c >&5
conftest.c: In function 'main':
conftest.c:41: error: 'not' undeclared (first use in this function)
conftest.c:41: error: (Each undeclared identifier is reported only once
conftest.c:41: error: for each function it appears in.)
conftest.c:41: error: expected ';' before 'big'
configure:10587: $? = 1
configure: failed program was:
| /* confdefs.h.  */
| #define PACKAGE_NAME ""
| #define PACKAGE_TARNAME ""
| #define PACKAGE_VERSION ""
| #define PACKAGE_STRING ""
| #define PACKAGE_BUGREPORT ""
| #define PACKAGE "soundtracker"
| #define VERSION "0.6.8"
| #define STDC_HEADERS 1
| #define HAVE_SYS_TYPES_H 1
| #define HAVE_SYS_STAT_H 1
| #define HAVE_STDLIB_H 1
| #define HAVE_STRING_H 1
| #define HAVE_MEMORY_H 1
| #define HAVE_STRINGS_H 1
| #define HAVE_INTTYPES_H 1
| #define HAVE_STDINT_H 1
| #define HAVE_UNISTD_H 1
| #define HAVE_POLL 1
| #define ENABLE_NLS 1
| #define HAVE_GETTEXT 1
| #define HAVE_DCGETTEXT 1
| #define USE_GNOME 1
| #define USE_SNDFILE 1
| #define STDC_HEADERS 1
| #define HAVE_DLFCN_H 1
| #define HAVE_SETRESUID 1
| #define HAVE_SYS_SOUNDCARD_H 1
| #define DRIVER_OSS 1
| #define DRIVER_ALSA_09x 1
| #define DRIVER_ESD 1
| #define DRIVER_SDL 1
| /* end confdefs.h.  */
| #include <sys/types.h>
| 		#include <sys/param.h>
| 
| int
| main ()
| {
| #if BYTE_ORDER != BIG_ENDIAN
| 		 not big endian
| 		#endif
| 
|   ;
|   return 0;
| }
configure:10839: result: no
configure:11082: creating ./config.status

## ---------------------- ##
## Running config.status. ##
## ---------------------- ##

This file was extended by config.status, which was
generated by GNU Autoconf 2.63.  Invocation command line was

  CONFIG_FILES    = 
  CONFIG_HEADERS  = 
  CONFIG_LINKS    = 
  CONFIG_COMMANDS = 
  $ ./config.status 

on Digitalina

config.status:879: creating Makefile
config.status:879: creating app/Makefile
config.status:879: creating app/drivers/Makefile
config.status:879: creating app/mixers/Makefile
config.status:879: creating po/Makefile.in
config.status:1026: WARNING:  'po/Makefile.in.in' seems to ignore the --datarootdir setting
config.status:879: creating doc/Makefile
config.status:879: creating config.h
config.status:1146: executing depfiles commands
config.status:1146: executing po-directories commands

## ---------------- ##
## Cache variables. ##
## ---------------- ##

ac_cv_build=i686-pc-linux-gnu
ac_cv_c_bigendian=no
ac_cv_c_compiler_gnu=yes
ac_cv_env_CCASFLAGS_set=
ac_cv_env_CCASFLAGS_value=
ac_cv_env_CCAS_set=
ac_cv_env_CCAS_value=
ac_cv_env_CC_set=
ac_cv_env_CC_value=
ac_cv_env_CFLAGS_set=set
ac_cv_env_CFLAGS_value='-O6 -ffast-math -fomit-frame-pointer -fforce-addr -march=k6 -mtune=k6'
ac_cv_env_CPPFLAGS_set=
ac_cv_env_CPPFLAGS_value=
ac_cv_env_CPP_set=
ac_cv_env_CPP_value=
ac_cv_env_GDK_PIXBUF_CFLAGS_set=
ac_cv_env_GDK_PIXBUF_CFLAGS_value=
ac_cv_env_GDK_PIXBUF_LIBS_set=
ac_cv_env_GDK_PIXBUF_LIBS_value=
ac_cv_env_GNOME_CFLAGS_set=
ac_cv_env_GNOME_CFLAGS_value=
ac_cv_env_GNOME_LIBS_set=
ac_cv_env_GNOME_LIBS_value=
ac_cv_env_GTK_CFLAGS_set=
ac_cv_env_GTK_CFLAGS_value=
ac_cv_env_GTK_LIBS_set=
ac_cv_env_GTK_LIBS_value=
ac_cv_env_LDFLAGS_set=
ac_cv_env_LDFLAGS_value=
ac_cv_env_LIBS_set=
ac_cv_env_LIBS_value=
ac_cv_env_PKG_CONFIG_set=
ac_cv_env_PKG_CONFIG_value=
ac_cv_env_SNDFILE_CFLAGS_set=
ac_cv_env_SNDFILE_CFLAGS_value=
ac_cv_env_SNDFILE_LIBS_set=
ac_cv_env_SNDFILE_LIBS_value=
ac_cv_env_build_alias_set=
ac_cv_env_build_alias_value=
ac_cv_env_host_alias_set=
ac_cv_env_host_alias_value=
ac_cv_env_target_alias_set=
ac_cv_env_target_alias_value=
ac_cv_func_esd_play_stream=no
ac_cv_func_poll=yes
ac_cv_func_setresuid=yes
ac_cv_header_dlfcn_h=yes
ac_cv_header_inttypes_h=yes
ac_cv_header_machine_soundcard_h=no
ac_cv_header_memory_h=yes
ac_cv_header_soundcard_h=no
ac_cv_header_stdc=yes
ac_cv_header_stdint_h=yes
ac_cv_header_stdlib_h=yes
ac_cv_header_string_h=yes
ac_cv_header_strings_h=yes
ac_cv_header_sys_audioio_h=no
ac_cv_header_sys_poll_h=yes
ac_cv_header_sys_soundcard_h=yes
ac_cv_header_sys_stat_h=yes
ac_cv_header_sys_types_h=yes
ac_cv_header_unistd_h=yes
ac_cv_host=i686-pc-linux-gnu
ac_cv_lib_asound_snd_pcm_plug_open=yes
ac_cv_objext=o
ac_cv_path_EGREP='/bin/grep -E'
ac_cv_path_ESD_CONFIG=/usr/bin/esd-config
ac_cv_path_GMSGFMT=/usr/bin/msgfmt
ac_cv_path_GREP=/bin/grep
ac_cv_path_MSGFMT=/usr/bin/msgfmt
ac_cv_path_MSGMERGE=/usr/bin/msgmerge
ac_cv_path_SDL_CONFIG=/usr/bin/sdl-config
ac_cv_path_XGETTEXT=/usr/bin/xgettext
ac_cv_path_ac_pt_PKG_CONFIG=/usr/bin/pkg-config
ac_cv_path_install='/bin/install -c'
ac_cv_path_sedpath=/bin/sed
ac_cv_prog_AWK=gawk
ac_cv_prog_CPP='gcc -E'
ac_cv_prog_ac_ct_CC=gcc
ac_cv_prog_ac_ct_RANLIB=ranlib
ac_cv_prog_cc_c89=
ac_cv_prog_cc_g=yes
ac_cv_prog_make_make_set=yes
ac_cv_sndfile=1
acl_cv_hardcode_direct=no
acl_cv_hardcode_libdir_flag_spec='${wl}-rpath ${wl}$libdir'
acl_cv_hardcode_libdir_separator=
acl_cv_hardcode_minus_L=no
acl_cv_libext=a
acl_cv_path_LD=/usr/bin/ld
acl_cv_prog_gnu_ld=yes
acl_cv_rpath=done
acl_cv_shlibext=so
acl_cv_wl=-Wl,
am_cv_CC_dependencies_compiler_type=gcc3
gt_cv_func_CFLocaleCopyCurrent=no
gt_cv_func_CFPreferencesCopyAppValue=no
gt_cv_func_gnugettext1_libc=yes
pkg_cv_GDK_PIXBUF_CFLAGS='-I/usr/include/gtk-2.0 -I/usr/include/glib-2.0 -I/usr/lib/glib-2.0/include  '
pkg_cv_GDK_PIXBUF_LIBS='-lgdk_pixbuf-2.0 -lgobject-2.0 -lgmodule-2.0 -lglib-2.0  '
pkg_cv_GNOME_CFLAGS='-DORBIT2=1 -pthread -I/usr/include/libgnomeui-2.0 -I/usr/include/libgnome-2.0 -I/usr/include/libbonoboui-2.0 -I/usr/include/libgnomecanvas-2.0 -I/usr/include/gtk-2.0 -I/usr/include/gnome-vfs-2.0 -I/usr/lib/gnome-vfs-2.0/include -I/usr/include/glib-2.0 -I/usr/lib/glib-2.0/include -I/usr/include/libbonobo-2.0 -I/usr/include/orbit-2.0 -I/usr/include/bonobo-activation-2.0 -I/usr/include/libart-2.0 -I/usr/lib/gtk-2.0/include -I/usr/include/atk-1.0 -I/usr/include/cairo -I/usr/include/pango-1.0 -I/usr/include/freetype2 -I/usr/include/gconf/2  '
pkg_cv_GNOME_LIBS='-pthread -lgnomeui-2 -lSM -lICE -lbonoboui-2 -lgnomevfs-2 -lgnomecanvas-2 -lgnome-2 -lpopt -lbonobo-2 -lbonobo-activation -lORBit-2 -lart_lgpl_2 -lgtk-x11-2.0 -lgdk-x11-2.0 -latk-1.0 -lgio-2.0 -lgdk_pixbuf-2.0 -lpangocairo-1.0 -lcairo -lpangoft2-1.0 -lpango-1.0 -lm -lfreetype -lfontconfig -lgconf-2 -lgthread-2.0 -lrt -lgmodule-2.0 -lgobject-2.0 -lglib-2.0  '
pkg_cv_GTK_CFLAGS='-pthread -I/usr/include/gtk-2.0 -I/usr/lib/gtk-2.0/include -I/usr/include/atk-1.0 -I/usr/include/cairo -I/usr/include/pango-1.0 -I/usr/include/glib-2.0 -I/usr/lib/glib-2.0/include -I/usr/include/freetype2  '
pkg_cv_GTK_LIBS='-pthread -lgtk-x11-2.0 -lgdk-x11-2.0 -latk-1.0 -lgio-2.0 -lgdk_pixbuf-2.0 -lpangocairo-1.0 -lcairo -lpangoft2-1.0 -lpango-1.0 -lm -lfreetype -lfontconfig -lgobject-2.0 -lgmodule-2.0 -lgthread-2.0 -lrt -lglib-2.0  '
pkg_cv_SNDFILE_CFLAGS=' '
pkg_cv_SNDFILE_LIBS='-lsndfile  '

## ----------------- ##
## Output variables. ##
## ----------------- ##

ACLOCAL='${SHELL} /home/mutabor/Projects/soundtracker-0.6.8.gtk2/missing --run aclocal-1.8'
AMDEPBACKSLASH='\'
AMDEP_FALSE='#'
AMDEP_TRUE=''
AMTAR='${SHELL} /home/mutabor/Projects/soundtracker-0.6.8.gtk2/missing --run tar'
AUDIOFILE_CFLAGS=''
AUDIOFILE_CONFIG=''
AUDIOFILE_LIBS=''
AUTOCONF='${SHELL} /home/mutabor/Projects/soundtracker-0.6.8.gtk2/missing --run autoconf'
AUTOHEADER='${SHELL} /home/mutabor/Projects/soundtracker-0.6.8.gtk2/missing --run autoheader'
AUTOMAKE='${SHELL} /home/mutabor/Projects/soundtracker-0.6.8.gtk2/missing --run automake-1.8'
AWK='gawk'
CC='gcc'
CCAS='gcc'
CCASFLAGS='-O6 -ffast-math -fomit-frame-pointer -fforce-addr -march=k6 -mtune=k6 -Wall'
CCDEPMODE='depmode=gcc3'
CFLAGS='-O6 -ffast-math -fomit-frame-pointer -fforce-addr -march=k6 -mtune=k6 -Wall -DORBIT2=1 -pthread -I/usr/include/libgnomeui-2.0 -I/usr/include/libgnome-2.0 -I/usr/include/libbonoboui-2.0 -I/usr/include/libgnomecanvas-2.0 -I/usr/include/gtk-2.0 -I/usr/include/gnome-vfs-2.0 -I/usr/lib/gnome-vfs-2.0/include -I/usr/include/glib-2.0 -I/usr/lib/glib-2.0/include -I/usr/include/libbonobo-2.0 -I/usr/include/orbit-2.0 -I/usr/include/bonobo-activation-2.0 -I/usr/include/libart-2.0 -I/usr/lib/gtk-2.0/include -I/usr/include/atk-1.0 -I/usr/include/cairo -I/usr/include/pango-1.0 -I/usr/include/freetype2 -I/usr/include/gconf/2   -pthread -I/usr/include/gtk-2.0 -I/usr/lib/gtk-2.0/include -I/usr/include/atk-1.0 -I/usr/include/cairo -I/usr/include/pango-1.0 -I/usr/include/glib-2.0 -I/usr/lib/glib-2.0/include -I/usr/include/freetype2   -I/usr/include/gtk-2.0 -I/usr/include/glib-2.0 -I/usr/lib/glib-2.0/include       -I/usr/include/SDL -D_GNU_SOURCE=1 -D_REENTRANT'
CPP='gcc -E'
CPPFLAGS=''
CYGPATH_W='echo'
DEFS='-DHAVE_CONFIG_H'
DEPDIR='.deps'
DRIVER_ALSA_050_FALSE=''
DRIVER_ALSA_050_TRUE='#'
DRIVER_ALSA_09x_FALSE='#'
DRIVER_ALSA_09x_TRUE=''
DRIVER_ALSA_FALSE=''
DRIVER_ALSA_TRUE='#'
DRIVER_ESD_FALSE='#'
DRIVER_ESD_TRUE=''
DRIVER_IRIX_FALSE=''
DRIVER_IRIX_TRUE='#'
DRIVER_JACK_FALSE=''
DRIVER_JACK_TRUE='#'
DRIVER_OSS_FALSE='#'
DRIVER_OSS_TRUE=''
DRIVER_SDL_FALSE='#'
DRIVER_SDL_TRUE=''
DRIVER_SUN_FALSE=''
DRIVER_SUN_TRUE='#'
ECHO_C=''
ECHO_N='-n'
ECHO_T=''
EGREP='/bin/grep -E'
ESD_CFLAGS=' '
ESD_CONFIG='/usr/bin/esd-config'
ESD_LIBS='-lesd  '
EXEEXT=''
GDK_PIXBUF=''
GDK_PIXBUF_CFLAGS='-I/usr/include/gtk-2.0 -I/usr/include/glib-2.0 -I/usr/lib/glib-2.0/include  '
GDK_PIXBUF_LIBS='-lgdk_pixbuf-2.0 -lgobject-2.0 -lgmodule-2.0 -lglib-2.0  '
GETTEXT_MACRO_VERSION='0.17'
GMSGFMT='/usr/bin/msgfmt'
GMSGFMT_015='/usr/bin/msgfmt'
GNOME_CFLAGS='-DORBIT2=1 -pthread -I/usr/include/libgnomeui-2.0 -I/usr/include/libgnome-2.0 -I/usr/include/libbonoboui-2.0 -I/usr/include/libgnomecanvas-2.0 -I/usr/include/gtk-2.0 -I/usr/include/gnome-vfs-2.0 -I/usr/lib/gnome-vfs-2.0/include -I/usr/include/glib-2.0 -I/usr/lib/glib-2.0/include -I/usr/include/libbonobo-2.0 -I/usr/include/orbit-2.0 -I/usr/include/bonobo-activation-2.0 -I/usr/include/libart-2.0 -I/usr/lib/gtk-2.0/include -I/usr/include/atk-1.0 -I/usr/include/cairo -I/usr/include/pango-1.0 -I/usr/include/freetype2 -I/usr/include/gconf/2  '
GNOME_LIBS='-pthread -lgnomeui-2 -lSM -lICE -lbonoboui-2 -lgnomevfs-2 -lgnomecanvas-2 -lgnome-2 -lpopt -lbonobo-2 -lbonobo-activation -lORBit-2 -lart_lgpl_2 -lgtk-x11-2.0 -lgdk-x11-2.0 -latk-1.0 -lgio-2.0 -lgdk_pixbuf-2.0 -lpangocairo-1.0 -lcairo -lpangoft2-1.0 -lpango-1.0 -lm -lfreetype -lfontconfig -lgconf-2 -lgthread-2.0 -lrt -lgmodule-2.0 -lgobject-2.0 -lglib-2.0  '
GREP='/bin/grep'
GTK_CFLAGS='-pthread -I/usr/include/gtk-2.0 -I/usr/lib/gtk-2.0/include -I/usr/include/atk-1.0 -I/usr/include/cairo -I/usr/include/pango-1.0 -I/usr/include/glib-2.0 -I/usr/lib/glib-2.0/include -I/usr/include/freetype2  '
GTK_LIBS='-pthread -lgtk-x11-2.0 -lgdk-x11-2.0 -latk-1.0 -lgio-2.0 -lgdk_pixbuf-2.0 -lpangocairo-1.0 -lcairo -lpangoft2-1.0 -lpango-1.0 -lm -lfreetype -lfontconfig -lgobject-2.0 -lgmodule-2.0 -lgthread-2.0 -lrt -lglib-2.0  '
INSTALL_DATA='${INSTALL} -m 644'
INSTALL_PROGRAM='${INSTALL}'
INSTALL_SCRIPT='${INSTALL}'
INSTALL_STRIP_PROGRAM='${SHELL} $(install_sh) -c -s'
INTLLIBS=''
INTL_MACOSX_LIBS=''
LDFLAGS=''
LIBICONV='-liconv'
LIBINTL=''
LIBOBJS=''
LIBS=' -pthread -lgnomeui-2 -lSM -lICE -lbonoboui-2 -lgnomevfs-2 -lgnomecanvas-2 -lgnome-2 -lpopt -lbonobo-2 -lbonobo-activation -lORBit-2 -lart_lgpl_2 -lgtk-x11-2.0 -lgdk-x11-2.0 -latk-1.0 -lgio-2.0 -lgdk_pixbuf-2.0 -lpangocairo-1.0 -lcairo -lpangoft2-1.0 -lpango-1.0 -lm -lfreetype -lfontconfig -lgconf-2 -lgthread-2.0 -lrt -lgmodule-2.0 -lgobject-2.0 -lglib-2.0   -pthread -lgtk-x11-2.0 -lgdk-x11-2.0 -latk-1.0 -lgio-2.0 -lgdk_pixbuf-2.0 -lpangocairo-1.0 -lcairo -lpangoft2-1.0 -lpango-1.0 -lm -lfreetype -lfontconfig -lgobject-2.0 -lgmodule-2.0 -lgthread-2.0 -lrt -lglib-2.0   -lgdk_pixbuf-2.0 -lgobject-2.0 -lgmodule-2.0 -lglib-2.0   -lsndfile   -lasound -lesd   -lSDL -lpthread'
LTLIBICONV='-liconv'
LTLIBINTL=''
LTLIBOBJS=''
MAKEINFO='${SHELL} /home/mutabor/Projects/soundtracker-0.6.8.gtk2/missing --run makeinfo'
MSGFMT='/usr/bin/msgfmt'
MSGFMT_015='/usr/bin/msgfmt'
MSGMERGE='/usr/bin/msgmerge'
NO_ASM_FALSE=''
NO_ASM_TRUE='#'
NO_GDK_PIXBUF_FALSE=''
NO_GDK_PIXBUF_TRUE='#'
OBJEXT='o'
PACKAGE='soundtracker'
PACKAGE_BUGREPORT=''
PACKAGE_NAME=''
PACKAGE_STRING=''
PACKAGE_TARNAME=''
PACKAGE_VERSION=''
PATH_SEPARATOR=':'
PKG_CONFIG='/usr/bin/pkg-config'
POSUB='po'
RANLIB='ranlib'
SDL_CFLAGS='-I/usr/include/SDL -D_GNU_SOURCE=1 -D_REENTRANT'
SDL_CONFIG='/usr/bin/sdl-config'
SDL_LIBS='-lSDL -lpthread'
SET_MAKE=''
SHELL='/bin/sh'
SNDFILE_CFLAGS=' '
SNDFILE_LIBS='-lsndfile  '
STRIP=''
ST_S_JACK_INCLUDES=''
ST_S_JACK_LIBS=''
USE_GNOME_FALSE='#'
USE_GNOME_TRUE=''
USE_NLS='yes'
VERSION='0.6.8'
XGETTEXT='/usr/bin/xgettext'
XGETTEXT_015='/usr/bin/xgettext'
XGETTEXT_EXTRA_OPTIONS=''
ac_ct_CC='gcc'
am__fastdepCC_FALSE='#'
am__fastdepCC_TRUE=''
am__include='include'
am__leading_dot='.'
am__quote=''
bindir='${exec_prefix}/bin'
build='i686-pc-linux-gnu'
build_alias=''
build_cpu='i686'
build_os='linux-gnu'
build_vendor='pc'
datadir='${datarootdir}'
datarootdir='${prefix}/share'
docdir='${datarootdir}/doc/${PACKAGE}'
dvidir='${docdir}'
exec_prefix='${prefix}'
host='i686-pc-linux-gnu'
host_alias=''
host_cpu='i686'
host_os='linux-gnu'
host_vendor='pc'
htmldir='${docdir}'
includedir='${prefix}/include'
infodir='${datarootdir}/info'
install_sh='/home/mutabor/Projects/soundtracker-0.6.8.gtk2/install-sh'
libdir='${exec_prefix}/lib'
libexecdir='${exec_prefix}/libexec'
localedir='${datarootdir}/locale'
localstatedir='${prefix}/var'
mandir='${datarootdir}/man'
mkdir_p='mkdir -p -- .'
oldincludedir='/usr/include'
pdfdir='${docdir}'
prefix='/usr/local'
program_transform_name='s,x,x,'
psdir='${docdir}'
sbindir='${exec_prefix}/sbin'
sedpath='/bin/sed'
sharedstatedir='${prefix}/com'
sysconfdir='${prefix}/etc'
target_alias=''

## ----------- ##
## confdefs.h. ##
## ----------- ##

#define PACKAGE_NAME ""
#define PACKAGE_TARNAME ""
#define PACKAGE_VERSION ""
#define PACKAGE_STRING ""
#define PACKAGE_BUGREPORT ""
#define PACKAGE "soundtracker"
#define VERSION "0.6.8"
#define STDC_HEADERS 1
#define HAVE_SYS_TYPES_H 1
#define HAVE_SYS_STAT_H 1
#define HAVE_STDLIB_H 1
#define HAVE_STRING_H 1
#define HAVE_MEMORY_H 1
#define HAVE_STRINGS_H 1
#define HAVE_INTTYPES_H 1
#define HAVE_STDINT_H 1
#define HAVE_UNISTD_H 1
#define HAVE_POLL 1
#define ENABLE_NLS 1
#define HAVE_GETTEXT 1
#define HAVE_DCGETTEXT 1
#define USE_GNOME 1
#define USE_SNDFILE 1
#define STDC_HEADERS 1
#define HAVE_DLFCN_H 1
#define HAVE_SETRESUID 1
#define HAVE_SYS_SOUNDCARD_H 1
#define DRIVER_OSS 1
#define DRIVER_ALSA_09x 1
#define DRIVER_ESD 1
#define DRIVER_SDL 1
#define PREFIX "/usr/local"

configure: exit 0
